2022-10-09 12:06:54,829 - mainLogger - INFO - Logging initiated
2022-10-09 12:06:54,829 - mainLogger - INFO - Connected to instance of Airsim, simulation ready to start...
2022-10-09 12:06:54,833 - mainLogger - INFO - State:
<MultirotorState> {   'collision': <CollisionInfo> {   'has_collided': False,
    'impact_point': <Vector3r> {   'x_val': 0.0,
    'y_val': 0.0,
    'z_val': 0.0},
    'normal': <Vector3r> {   'x_val': 0.0,
    'y_val': 0.0,
    'z_val': 0.0},
    'object_id': -1,
    'object_name': '',
    'penetration_depth': 0.0,
    'position': <Vector3r> {   'x_val': 0.0,
    'y_val': 0.0,
    'z_val': 0.0},
    'time_stamp': 0},
    'gps_location': <GeoPoint> {   'altitude': 123.35145568847656,
    'latitude': 47.641468080880905,
    'longitude': -122.14016504425251},
    'kinematics_estimated': <KinematicsState> {   'angular_acceleration': <Vector3r> {   'x_val': 0.0,
    'y_val': 0.0,
    'z_val': 0.0},
    'angular_velocity': <Vector3r> {   'x_val': 0.0,
    'y_val': 0.0,
    'z_val': 0.0},
    'linear_acceleration': <Vector3r> {   'x_val': 0.0,
    'y_val': 0.0,
    'z_val': 0.4185638427734375},
    'linear_velocity': <Vector3r> {   'x_val': 0.0,
    'y_val': 0.0,
    'z_val': 0.01777828298509121},
    'orientation': <Quaternionr> {   'w_val': 0.9999998807907104,
    'x_val': 0.0,
    'y_val': 0.0,
    'z_val': 0.0},
    'position': <Vector3r> {   'x_val': 0.0,
    'y_val': 0.0,
    'z_val': -1.3417010307312012}},
    'landed_state': 1,
    'rc_data': <RCData> {   'is_initialized': False,
    'is_valid': False,
    'left_z': 0.0,
    'pitch': 0.0,
    'right_z': 0.0,
    'roll': 0.0,
    'switches': 0,
    'throttle': 0.0,
    'timestamp': 0,
    'vendor_id': '',
    'yaw': 0.0},
    'timestamp': 1665306414776446464}
2022-10-09 12:06:54,833 - mainLogger - INFO - Collision:
<CollisionInfo> {   'has_collided': True,
    'impact_point': <Vector3r> {   'x_val': -0.22481729090213776,
    'y_val': 0.31564638018608093,
    'z_val': 0.3930765390396118},
    'normal': <Vector3r> {   'x_val': -2.092225592775776e-08,
    'y_val': -2.0812269241332615e-08,
    'z_val': -1.0},
    'object_id': -1,
    'object_name': 'Landscape_0',
    'penetration_depth': 0.0,
    'position': <Vector3r> {   'x_val': 0.0,
    'y_val': 0.0,
    'z_val': 0.19658708572387695},
    'time_stamp': 1665306411158369280}
2022-10-09 12:06:55,342 - mainLogger - INFO - Command received: Move Forward
2022-10-09 12:06:55,847 - mainLogger - INFO - State:
<MultirotorState> {   'collision': <CollisionInfo> {   'has_collided': False,
    'impact_point': <Vector3r> {   'x_val': 0.0,
    'y_val': 0.0,
    'z_val': 0.0},
    'normal': <Vector3r> {   'x_val': 0.0,
    'y_val': 0.0,
    'z_val': 0.0},
    'object_id': -1,
    'object_name': '',
    'penetration_depth': 0.0,
    'position': <Vector3r> {   'x_val': 0.0,
    'y_val': 0.0,
    'z_val': 0.0},
    'time_stamp': 0},
    'gps_location': <GeoPoint> {   'altitude': 123.76483154296875,
    'latitude': 47.64147236110569,
    'longitude': -122.14016504425251},
    'kinematics_estimated': <KinematicsState> {   'angular_acceleration': <Vector3r> {   'x_val': -4.548302623419431e-09,
    'y_val': 1.1138149499893188,
    'z_val': -4.8885291648037565e-11},
    'angular_velocity': <Vector3r> {   'x_val': 1.8542937185728192e-09,
    'y_val': 0.28591346740722656,
    'z_val': 1.7240337157886643e-08},
    'linear_acceleration': <Vector3r> {   'x_val': 3.3145580291748047,
    'y_val': 6.543079855703127e-09,
    'z_val': 2.0905203819274902},
    'linear_velocity': <Vector3r> {   'x_val': 2.1802568435668945,
    'y_val': 2.142449107012112e-09,
    'z_val': -1.393236517906189},
    'orientation': <Quaternionr> {   'w_val': 0.9794163703918457,
    'x_val': -1.9780843629746414e-10,
    'y_val': -0.2018505334854126,
    'z_val': 2.9144286983751044e-09},
    'position': <Vector3r> {   'x_val': 0.48242494463920593,
    'y_val': 3.2972635732875233e-10,
    'z_val': -1.7593194246292114}},
    'landed_state': 1,
    'rc_data': <RCData> {   'is_initialized': False,
    'is_valid': False,
    'left_z': 0.0,
    'pitch': 0.0,
    'right_z': 0.0,
    'roll': 0.0,
    'switches': 0,
    'throttle': 0.0,
    'timestamp': 0,
    'vendor_id': '',
    'yaw': 0.0},
    'timestamp': 1665306415793468160}
2022-10-09 12:06:55,847 - mainLogger - INFO - Collision:
<CollisionInfo> {   'has_collided': False,
    'impact_point': <Vector3r> {   'x_val': -0.22481729090213776,
    'y_val': 0.31564638018608093,
    'z_val': 0.3930765390396118},
    'normal': <Vector3r> {   'x_val': -2.092225592775776e-08,
    'y_val': -2.0812269241332615e-08,
    'z_val': -1.0},
    'object_id': -1,
    'object_name': 'Landscape_0',
    'penetration_depth': 0.0,
    'position': <Vector3r> {   'x_val': 0.0,
    'y_val': 0.0,
    'z_val': 0.19658708572387695},
    'time_stamp': 1665306411158369280}
2022-10-09 12:06:56,118 - mainLogger - INFO - Command received: Move Right
2022-10-09 12:06:56,540 - mainLogger - INFO - Command received: Move Left
2022-10-09 12:06:56,861 - mainLogger - INFO - State:
<MultirotorState> {   'collision': <CollisionInfo> {   'has_collided': False,
    'impact_point': <Vector3r> {   'x_val': 0.0,
    'y_val': 0.0,
    'z_val': 0.0},
    'normal': <Vector3r> {   'x_val': 0.0,
    'y_val': 0.0,
    'z_val': 0.0},
    'object_id': -1,
    'object_name': '',
    'penetration_depth': 0.0,
    'position': <Vector3r> {   'x_val': 0.0,
    'y_val': 0.0,
    'z_val': 0.0},
    'time_stamp': 0},
    'gps_location': <GeoPoint> {   'altitude': 124.77008056640625,
    'latitude': 47.64149551166408,
    'longitude': -122.14015357331027},
    'kinematics_estimated': <KinematicsState> {   'angular_acceleration': <Vector3r> {   'x_val': 7.6830925941467285,
    'y_val': -0.0363522432744503,
    'z_val': 0.9806454181671143},
    'angular_velocity': <Vector3r> {   'x_val': -1.6538382768630981,
    'y_val': -0.3724149763584137,
    'z_val': -0.2274899184703827},
    'linear_acceleration': <Vector3r> {   'x_val': -3.6839559078216553,
    'y_val': -4.666988849639893,
    'z_val': -4.026022911071777},
    'linear_velocity': <Vector3r> {   'x_val': 1.5297132730484009,
    'y_val': 1.6887562274932861,
    'z_val': -1.1500433683395386},
    'orientation': <Quaternionr> {   'w_val': 0.9792484641075134,
    'x_val': -0.15797200798988342,
    'y_val': 0.12604522705078125,
    'z_val': 0.015164943411946297},
    'position': <Vector3r> {   'x_val': 3.054511785507202,
    'y_val': 0.8670411705970764,
    'z_val': -2.763812303543091}},
    'landed_state': 1,
    'rc_data': <RCData> {   'is_initialized': False,
    'is_valid': False,
    'left_z': 0.0,
    'pitch': 0.0,
    'right_z': 0.0,
    'roll': 0.0,
    'switches': 0,
    'throttle': 0.0,
    'timestamp': 0,
    'vendor_id': '',
    'yaw': 0.0},
    'timestamp': 1665306416804489728}
2022-10-09 12:06:56,861 - mainLogger - INFO - Collision:
<CollisionInfo> {   'has_collided': False,
    'impact_point': <Vector3r> {   'x_val': -0.22481729090213776,
    'y_val': 0.31564638018608093,
    'z_val': 0.3930765390396118},
    'normal': <Vector3r> {   'x_val': -2.092225592775776e-08,
    'y_val': -2.0812269241332615e-08,
    'z_val': -1.0},
    'object_id': -1,
    'object_name': 'Landscape_0',
    'penetration_depth': 0.0,
    'position': <Vector3r> {   'x_val': 0.0,
    'y_val': 0.0,
    'z_val': 0.19658708572387695},
    'time_stamp': 1665306411158369280}
2022-10-09 12:06:56,966 - mainLogger - INFO - Command received: Move Forward
2022-10-09 12:06:57,325 - mainLogger - INFO - Command received: Move Right
2022-10-09 12:06:57,616 - mainLogger - INFO - Command received: Move Left
2022-10-09 12:06:57,862 - mainLogger - INFO - Command received: Move Forward
2022-10-09 12:06:57,877 - mainLogger - INFO - State:
<MultirotorState> {   'collision': <CollisionInfo> {   'has_collided': False,
    'impact_point': <Vector3r> {   'x_val': 0.0,
    'y_val': 0.0,
    'z_val': 0.0},
    'normal': <Vector3r> {   'x_val': 0.0,
    'y_val': 0.0,
    'z_val': 0.0},
    'object_id': -1,
    'object_name': '',
    'penetration_depth': 0.0,
    'position': <Vector3r> {   'x_val': 0.0,
    'y_val': 0.0,
    'z_val': 0.0},
    'time_stamp': 0},
    'gps_location': <GeoPoint> {   'altitude': 125.81147003173828,
    'latitude': 47.64150995462875,
    'longitude': -122.14014318963453},
    'kinematics_estimated': <KinematicsState> {   'angular_acceleration': <Vector3r> {   'x_val': 46.84344482421875,
    'y_val': -35.72719955444336,
    'z_val': 0.606673002243042},
    'angular_velocity': <Vector3r> {   'x_val': -2.420966863632202,
    'y_val': -0.15475836396217346,
    'z_val': -0.15959139168262482},
    'linear_acceleration': <Vector3r> {   'x_val': -2.3557467460632324,
    'y_val': -2.332998275756836,
    'z_val': -1.8028240203857422},
    'linear_velocity': <Vector3r> {   'x_val': 1.5463013648986816,
    'y_val': 1.1016210317611694,
    'z_val': -0.5220465064048767},
    'orientation': <Quaternionr> {   'w_val': 0.9900891184806824,
    'x_val': -0.10054653137922287,
    'y_val': 0.09798051416873932,
    'z_val': 0.0037212830502539873},
    'position': <Vector3r> {   'x_val': 4.660405158996582,
    'y_val': 1.6455230712890625,
    'z_val': -3.8033230304718018}},
    'landed_state': 1,
    'rc_data': <RCData> {   'is_initialized': False,
    'is_valid': False,
    'left_z': 0.0,
    'pitch': 0.0,
    'right_z': 0.0,
    'roll': 0.0,
    'switches': 0,
    'throttle': 0.0,
    'timestamp': 0,
    'vendor_id': '',
    'yaw': 0.0},
    'timestamp': 1665306417821511424}
2022-10-09 12:06:57,877 - mainLogger - INFO - Collision:
<CollisionInfo> {   'has_collided': False,
    'impact_point': <Vector3r> {   'x_val': -0.22481729090213776,
    'y_val': 0.31564638018608093,
    'z_val': 0.3930765390396118},
    'normal': <Vector3r> {   'x_val': -2.092225592775776e-08,
    'y_val': -2.0812269241332615e-08,
    'z_val': -1.0},
    'object_id': -1,
    'object_name': 'Landscape_0',
    'penetration_depth': 0.0,
    'position': <Vector3r> {   'x_val': 0.0,
    'y_val': 0.0,
    'z_val': 0.19658708572387695},
    'time_stamp': 1665306411158369280}
2022-10-09 12:06:58,189 - mainLogger - INFO - Command received: Move Back
2022-10-09 12:06:58,465 - mainLogger - INFO - Command received: Move Right
2022-10-09 12:06:58,790 - mainLogger - INFO - Command received: Move Forward
2022-10-09 12:06:58,888 - mainLogger - INFO - State:
<MultirotorState> {   'collision': <CollisionInfo> {   'has_collided': False,
    'impact_point': <Vector3r> {   'x_val': 0.0,
    'y_val': 0.0,
    'z_val': 0.0},
    'normal': <Vector3r> {   'x_val': 0.0,
    'y_val': 0.0,
    'z_val': 0.0},
    'object_id': -1,
    'object_name': '',
    'penetration_depth': 0.0,
    'position': <Vector3r> {   'x_val': 0.0,
    'y_val': 0.0,
    'z_val': 0.0},
    'time_stamp': 0},
    'gps_location': <GeoPoint> {   'altitude': 126.3148193359375,
    'latitude': 47.64152402760752,
    'longitude': -122.14013274090256},
    'kinematics_estimated': <KinematicsState> {   'angular_acceleration': <Vector3r> {   'x_val': -18.339027404785156,
    'y_val': -11.649723052978516,
    'z_val': 0.47108718752861023},
    'angular_velocity': <Vector3r> {   'x_val': -2.094186544418335,
    'y_val': -2.377035617828369,
    'z_val': 0.22354064881801605},
    'linear_acceleration': <Vector3r> {   'x_val': 0.027794701978564262,
    'y_val': 1.0136961936950684,
    'z_val': 5.20158052444458},
    'linear_velocity': <Vector3r> {   'x_val': 0.6854835748672485,
    'y_val': 1.6388168334960938,
    'z_val': -0.9975985884666443},
    'orientation': <Quaternionr> {   'w_val': 0.9935663342475891,
    'x_val': 0.10644560307264328,
    'y_val': -0.0024872750509530306,
    'z_val': -0.03858980908989906},
    'position': <Vector3r> {   'x_val': 6.222524642944336,
    'y_val': 2.4322614669799805,
    'z_val': -4.308132648468018}},
    'landed_state': 1,
    'rc_data': <RCData> {   'is_initialized': False,
    'is_valid': False,
    'left_z': 0.0,
    'pitch': 0.0,
    'right_z': 0.0,
    'roll': 0.0,
    'switches': 0,
    'throttle': 0.0,
    'timestamp': 0,
    'vendor_id': '',
    'yaw': 0.0},
    'timestamp': 1665306418832532992}
2022-10-09 12:06:58,888 - mainLogger - INFO - Collision:
<CollisionInfo> {   'has_collided': False,
    'impact_point': <Vector3r> {   'x_val': -0.22481729090213776,
    'y_val': 0.31564638018608093,
    'z_val': 0.3930765390396118},
    'normal': <Vector3r> {   'x_val': -2.092225592775776e-08,
    'y_val': -2.0812269241332615e-08,
    'z_val': -1.0},
    'object_id': -1,
    'object_name': 'Landscape_0',
    'penetration_depth': 0.0,
    'position': <Vector3r> {   'x_val': 0.0,
    'y_val': 0.0,
    'z_val': 0.19658708572387695},
    'time_stamp': 1665306411158369280}
2022-10-09 12:06:59,305 - mainLogger - INFO - Command received: Move Back
2022-10-09 12:06:59,480 - mainLogger - INFO - Command received: Move Left
2022-10-09 12:06:59,737 - mainLogger - INFO - Command received: Move Forward
2022-10-09 12:06:59,901 - mainLogger - INFO - State:
<MultirotorState> {   'collision': <CollisionInfo> {   'has_collided': False,
    'impact_point': <Vector3r> {   'x_val': 0.0,
    'y_val': 0.0,
    'z_val': 0.0},
    'normal': <Vector3r> {   'x_val': 0.0,
    'y_val': 0.0,
    'z_val': 0.0},
    'object_id': -1,
    'object_name': '',
    'penetration_depth': 0.0,
    'position': <Vector3r> {   'x_val': 0.0,
    'y_val': 0.0,
    'z_val': 0.0},
    'time_stamp': 0},
    'gps_location': <GeoPoint> {   'altitude': 127.17034149169922,
    'latitude': 47.64153973061655,
    'longitude': -122.14011951292925},
    'kinematics_estimated': <KinematicsState> {   'angular_acceleration': <Vector3r> {   'x_val': 2.3120973110198975,
    'y_val': 12.90830135345459,
    'z_val': -2.298036813735962},
    'angular_velocity': <Vector3r> {   'x_val': 1.4376813173294067,
    'y_val': -1.90017831325531,
    'z_val': 0.07187259197235107},
    'linear_acceleration': <Vector3r> {   'x_val': 0.5228360295295715,
    'y_val': -0.9592511057853699,
    'z_val': 5.0689921379089355},
    'linear_velocity': <Vector3r> {   'x_val': 1.6702390909194946,
    'y_val': -0.497313529253006,
    'z_val': -0.5578432679176331},
    'orientation': <Quaternionr> {   'w_val': 0.9926434755325317,
    'x_val': -0.09935296326875687,
    'y_val': -0.05420432239770889,
    'z_val': 0.04301034286618233},
    'position': <Vector3r> {   'x_val': 7.971426010131836,
    'y_val': 3.41984224319458,
    'z_val': -5.162328243255615}},
    'landed_state': 1,
    'rc_data': <RCData> {   'is_initialized': False,
    'is_valid': False,
    'left_z': 0.0,
    'pitch': 0.0,
    'right_z': 0.0,
    'roll': 0.0,
    'switches': 0,
    'throttle': 0.0,
    'timestamp': 0,
    'vendor_id': '',
    'yaw': 0.0},
    'timestamp': 1665306419843554560}
2022-10-09 12:06:59,901 - mainLogger - INFO - Collision:
<CollisionInfo> {   'has_collided': False,
    'impact_point': <Vector3r> {   'x_val': -0.22481729090213776,
    'y_val': 0.31564638018608093,
    'z_val': 0.3930765390396118},
    'normal': <Vector3r> {   'x_val': -2.092225592775776e-08,
    'y_val': -2.0812269241332615e-08,
    'z_val': -1.0},
    'object_id': -1,
    'object_name': 'Landscape_0',
    'penetration_depth': 0.0,
    'position': <Vector3r> {   'x_val': 0.0,
    'y_val': 0.0,
    'z_val': 0.19658708572387695},
    'time_stamp': 1665306411158369280}
2022-10-09 12:07:00,043 - mainLogger - INFO - Command received: Move Back
2022-10-09 12:07:00,339 - mainLogger - INFO - Command received: Move Back
2022-10-09 12:07:00,625 - mainLogger - INFO - Command received: Move Forward
2022-10-09 12:07:00,870 - mainLogger - INFO - Command received: Move Forward
2022-10-09 12:07:00,916 - mainLogger - INFO - State:
<MultirotorState> {   'collision': <CollisionInfo> {   'has_collided': False,
    'impact_point': <Vector3r> {   'x_val': 0.0,
    'y_val': 0.0,
    'z_val': 0.0},
    'normal': <Vector3r> {   'x_val': 0.0,
    'y_val': 0.0,
    'z_val': 0.0},
    'object_id': -1,
    'object_name': '',
    'penetration_depth': 0.0,
    'position': <Vector3r> {   'x_val': 0.0,
    'y_val': 0.0,
    'z_val': 0.0},
    'time_stamp': 0},
    'gps_location': <GeoPoint> {   'altitude': 127.82272338867188,
    'latitude': 47.64154752081672,
    'longitude': -122.1401250395261},
    'kinematics_estimated': <KinematicsState> {   'angular_acceleration': <Vector3r> {   'x_val': -1.0908080339431763,
    'y_val': -0.06458334624767303,
    'z_val': 0.4802989065647125},
    'angular_velocity': <Vector3r> {   'x_val': -0.009634937159717083,
    'y_val': -2.500288486480713,
    'z_val': 0.1647043079137802},
    'linear_acceleration': <Vector3r> {   'x_val': 1.2944650650024414,
    'y_val': 0.45443108677864075,
    'z_val': -0.12867069244384766},
    'linear_velocity': <Vector3r> {   'x_val': -0.7335094213485718,
    'y_val': -0.18411137163639069,
    'z_val': -0.23034533858299255},
    'orientation': <Quaternionr> {   'w_val': 0.9971994161605835,
    'x_val': 0.02393639273941517,
    'y_val': -0.06775873154401779,
    'z_val': -0.020717144012451172},
    'position': <Vector3r> {   'x_val': 8.832575798034668,
    'y_val': 3.0060484409332275,
    'z_val': -5.8130106925964355}},
    'landed_state': 1,
    'rc_data': <RCData> {   'is_initialized': False,
    'is_valid': False,
    'left_z': 0.0,
    'pitch': 0.0,
    'right_z': 0.0,
    'roll': 0.0,
    'switches': 0,
    'throttle': 0.0,
    'timestamp': 0,
    'vendor_id': '',
    'yaw': 0.0},
    'timestamp': 1665306420860576256}
2022-10-09 12:07:00,916 - mainLogger - INFO - Collision:
<CollisionInfo> {   'has_collided': False,
    'impact_point': <Vector3r> {   'x_val': -0.22481729090213776,
    'y_val': 0.31564638018608093,
    'z_val': 0.3930765390396118},
    'normal': <Vector3r> {   'x_val': -2.092225592775776e-08,
    'y_val': -2.0812269241332615e-08,
    'z_val': -1.0},
    'object_id': -1,
    'object_name': 'Landscape_0',
    'penetration_depth': 0.0,
    'position': <Vector3r> {   'x_val': 0.0,
    'y_val': 0.0,
    'z_val': 0.19658708572387695},
    'time_stamp': 1665306411158369280}
2022-10-09 12:07:01,288 - mainLogger - INFO - Command received: Move Back
2022-10-09 12:07:01,544 - mainLogger - INFO - Command received: Move Up
2022-10-09 12:07:01,743 - mainLogger - INFO - Command received: Move Up
2022-10-09 12:07:01,932 - mainLogger - INFO - State:
<MultirotorState> {   'collision': <CollisionInfo> {   'has_collided': False,
    'impact_point': <Vector3r> {   'x_val': 0.0,
    'y_val': 0.0,
    'z_val': 0.0},
    'normal': <Vector3r> {   'x_val': 0.0,
    'y_val': 0.0,
    'z_val': 0.0},
    'object_id': -1,
    'object_name': '',
    'penetration_depth': 0.0,
    'position': <Vector3r> {   'x_val': 0.0,
    'y_val': 0.0,
    'z_val': 0.0},
    'time_stamp': 0},
    'gps_location': <GeoPoint> {   'altitude': 128.98977661132812,
    'latitude': 47.641556756602,
    'longitude': -122.14012570531352},
    'kinematics_estimated': <KinematicsState> {   'angular_acceleration': <Vector3r> {   'x_val': 0.06115978583693504,
    'y_val': 0.0713750496506691,
    'z_val': 0.25959262251853943},
    'angular_velocity': <Vector3r> {   'x_val': -0.009019690565764904,
    'y_val': -0.1522827446460724,
    'z_val': -0.05199314281344414},
    'linear_acceleration': <Vector3r> {   'x_val': -1.298607349395752,
    'y_val': 0.011934115551412106,
    'z_val': -0.21085453033447266},
    'linear_velocity': <Vector3r> {   'x_val': 0.9307162165641785,
    'y_val': 0.0019452506676316261,
    'z_val': -1.8574955463409424},
    'orientation': <Quaternionr> {   'w_val': 0.9979647994041443,
    'x_val': 0.0004900132771581411,
    'y_val': 0.06375088542699814,
    'z_val': -0.0013547932030633092},
    'position': <Vector3r> {   'x_val': 9.862261772155762,
    'y_val': 2.9560253620147705,
    'z_val': -6.985635757446289}},
    'landed_state': 1,
    'rc_data': <RCData> {   'is_initialized': False,
    'is_valid': False,
    'left_z': 0.0,
    'pitch': 0.0,
    'right_z': 0.0,
    'roll': 0.0,
    'switches': 0,
    'throttle': 0.0,
    'timestamp': 0,
    'vendor_id': '',
    'yaw': 0.0},
    'timestamp': 1665306421874597888}
2022-10-09 12:07:01,932 - mainLogger - INFO - Collision:
<CollisionInfo> {   'has_collided': False,
    'impact_point': <Vector3r> {   'x_val': -0.22481729090213776,
    'y_val': 0.31564638018608093,
    'z_val': 0.3930765390396118},
    'normal': <Vector3r> {   'x_val': -2.092225592775776e-08,
    'y_val': -2.0812269241332615e-08,
    'z_val': -1.0},
    'object_id': -1,
    'object_name': 'Landscape_0',
    'penetration_depth': 0.0,
    'position': <Vector3r> {   'x_val': 0.0,
    'y_val': 0.0,
    'z_val': 0.19658708572387695},
    'time_stamp': 1665306411158369280}
2022-10-09 12:07:01,938 - mainLogger - INFO - Command received: Move Up
2022-10-09 12:07:02,105 - mainLogger - INFO - Command received: Move Up
2022-10-09 12:07:02,286 - mainLogger - INFO - Command received: Move Up
2022-10-09 12:07:02,500 - mainLogger - INFO - Command received: Move Down
2022-10-09 12:07:02,698 - mainLogger - INFO - Command received: Move Down
2022-10-09 12:07:02,888 - mainLogger - INFO - Command received: Move Down
2022-10-09 12:07:02,947 - mainLogger - INFO - State:
<MultirotorState> {   'collision': <CollisionInfo> {   'has_collided': False,
    'impact_point': <Vector3r> {   'x_val': 0.0,
    'y_val': 0.0,
    'z_val': 0.0},
    'normal': <Vector3r> {   'x_val': 0.0,
    'y_val': 0.0,
    'z_val': 0.0},
    'object_id': -1,
    'object_name': '',
    'penetration_depth': 0.0,
    'position': <Vector3r> {   'x_val': 0.0,
    'y_val': 0.0,
    'z_val': 0.0},
    'time_stamp': 0},
    'gps_location': <GeoPoint> {   'altitude': 130.4281463623047,
    'latitude': 47.64156144828853,
    'longitude': -122.14012567292043},
    'kinematics_estimated': <KinematicsState> {   'angular_acceleration': <Vector3r> {   'x_val': 0.0008159898570738733,
    'y_val': -0.04807718098163605,
    'z_val': -0.025976339355111122},
    'angular_velocity': <Vector3r> {   'x_val': 0.00018287378770764917,
    'y_val': -0.06735678017139435,
    'z_val': -0.005575293209403753},
    'linear_acceleration': <Vector3r> {   'x_val': -0.26643621921539307,
    'y_val': -0.001484980108216405,
    'z_val': 4.851144313812256},
    'linear_velocity': <Vector3r> {   'x_val': 0.2803928852081299,
    'y_val': 0.001647303462959826,
    'z_val': 0.2644190788269043},
    'orientation': <Quaternionr> {   'w_val': 0.9996429085731506,
    'x_val': -0.0001243518927367404,
    'y_val': 0.026706373319029808,
    'z_val': 0.0009271609596908092},
    'position': <Vector3r> {   'x_val': 10.381956100463867,
    'y_val': 2.9584591388702393,
    'z_val': -8.417669296264648}},
    'landed_state': 1,
    'rc_data': <RCData> {   'is_initialized': False,
    'is_valid': False,
    'left_z': 0.0,
    'pitch': 0.0,
    'right_z': 0.0,
    'roll': 0.0,
    'switches': 0,
    'throttle': 0.0,
    'timestamp': 0,
    'vendor_id': '',
    'yaw': 0.0},
    'timestamp': 1665306422888619520}
2022-10-09 12:07:02,948 - mainLogger - INFO - Collision:
<CollisionInfo> {   'has_collided': False,
    'impact_point': <Vector3r> {   'x_val': -0.22481729090213776,
    'y_val': 0.31564638018608093,
    'z_val': 0.3930765390396118},
    'normal': <Vector3r> {   'x_val': -2.092225592775776e-08,
    'y_val': -2.0812269241332615e-08,
    'z_val': -1.0},
    'object_id': -1,
    'object_name': 'Landscape_0',
    'penetration_depth': 0.0,
    'position': <Vector3r> {   'x_val': 0.0,
    'y_val': 0.0,
    'z_val': 0.19658708572387695},
    'time_stamp': 1665306411158369280}
2022-10-09 12:07:03,071 - mainLogger - INFO - Command received: Move Down
2022-10-09 12:07:03,247 - mainLogger - INFO - Command received: Move Down
2022-10-09 12:07:03,422 - mainLogger - INFO - Command received: Move Down
2022-10-09 12:07:03,606 - mainLogger - INFO - Command received: Move Down
2022-10-09 12:07:03,782 - mainLogger - INFO - Command received: Move Down
2022-10-09 12:07:03,959 - mainLogger - INFO - State:
<MultirotorState> {   'collision': <CollisionInfo> {   'has_collided': False,
    'impact_point': <Vector3r> {   'x_val': 0.0,
    'y_val': 0.0,
    'z_val': 0.0},
    'normal': <Vector3r> {   'x_val': 0.0,
    'y_val': 0.0,
    'z_val': 0.0},
    'object_id': -1,
    'object_name': '',
    'penetration_depth': 0.0,
    'position': <Vector3r> {   'x_val': 0.0,
    'y_val': 0.0,
    'z_val': 0.0},
    'time_stamp': 0},
    'gps_location': <GeoPoint> {   'altitude': 128.48069763183594,
    'latitude': 47.64156306099894,
    'longitude': -122.14012565877198},
    'kinematics_estimated': <KinematicsState> {   'angular_acceleration': <Vector3r> {   'x_val': -0.00018574576824903488,
    'y_val': 0.022876255214214325,
    'z_val': -0.006234985776245594},
    'angular_velocity': <Vector3r> {   'x_val': 9.662011143518612e-05,
    'y_val': -0.0166592039167881,
    'z_val': 0.0011667361250147223},
    'linear_acceleration': <Vector3r> {   'x_val': -0.1236763522028923,
    'y_val': -0.0007333140238188207,
    'z_val': -0.33002471923828125},
    'linear_velocity': <Vector3r> {   'x_val': 0.08724760264158249,
    'y_val': 0.00051819410873577,
    'z_val': 2.3157358169555664},
    'orientation': <Quaternionr> {   'w_val': 0.9999815821647644,
    'x_val': -3.579074837034568e-05,
    'y_val': 0.006075060460716486,
    'z_val': 3.8082020182628185e-05},
    'position': <Vector3r> {   'x_val': 10.560683250427246,
    'y_val': 2.9595179557800293,
    'z_val': -6.464029312133789}},
    'landed_state': 1,
    'rc_data': <RCData> {   'is_initialized': False,
    'is_valid': False,
    'left_z': 0.0,
    'pitch': 0.0,
    'right_z': 0.0,
    'roll': 0.0,
    'switches': 0,
    'throttle': 0.0,
    'timestamp': 0,
    'vendor_id': '',
    'yaw': 0.0},
    'timestamp': 1665306423902641152}
2022-10-09 12:07:03,959 - mainLogger - INFO - Collision:
<CollisionInfo> {   'has_collided': False,
    'impact_point': <Vector3r> {   'x_val': -0.22481729090213776,
    'y_val': 0.31564638018608093,
    'z_val': 0.3930765390396118},
    'normal': <Vector3r> {   'x_val': -2.092225592775776e-08,
    'y_val': -2.0812269241332615e-08,
    'z_val': -1.0},
    'object_id': -1,
    'object_name': 'Landscape_0',
    'penetration_depth': 0.0,
    'position': <Vector3r> {   'x_val': 0.0,
    'y_val': 0.0,
    'z_val': 0.19658708572387695},
    'time_stamp': 1665306411158369280}
2022-10-09 12:07:03,960 - mainLogger - INFO - Command received: Move Down
2022-10-09 12:07:04,138 - mainLogger - INFO - Command received: Move Down
2022-10-09 12:07:04,974 - mainLogger - INFO - State:
<MultirotorState> {   'collision': <CollisionInfo> {   'has_collided': False,
    'impact_point': <Vector3r> {   'x_val': 0.0,
    'y_val': 0.0,
    'z_val': 0.0},
    'normal': <Vector3r> {   'x_val': 0.0,
    'y_val': 0.0,
    'z_val': 0.0},
    'object_id': -1,
    'object_name': '',
    'penetration_depth': 0.0,
    'position': <Vector3r> {   'x_val': 0.0,
    'y_val': 0.0,
    'z_val': 0.0},
    'time_stamp': 0},
    'gps_location': <GeoPoint> {   'altitude': 126.47569274902344,
    'latitude': 47.641563477140465,
    'longitude': -122.14012565512002},
    'kinematics_estimated': <KinematicsState> {   'angular_acceleration': <Vector3r> {   'x_val': 0.00015951503883115947,
    'y_val': 0.009414357133209705,
    'z_val': 0.0002629841328598559},
    'angular_velocity': <Vector3r> {   'x_val': 1.0392488547950052e-05,
    'y_val': -0.0018279521027579904,
    'z_val': -6.514993583550677e-05},
    'linear_acceleration': <Vector3r> {   'x_val': -0.048043008893728256,
    'y_val': -0.00028627985739149153,
    'z_val': -6.729085922241211},
    'linear_velocity': <Vector3r> {   'x_val': 0.015255911275744438,
    'y_val': 9.048886568052694e-05,
    'z_val': 0.3854139745235443},
    'orientation': <Quaternionr> {   'w_val': 0.9999989867210388,
    'x_val': -8.693788913660683e-06,
    'y_val': 0.0014499342069029808,
    'z_val': -3.6172768886899576e-05},
    'position': <Vector3r> {   'x_val': 10.60668659210205,
    'y_val': 2.959789752960205,
    'z_val': -4.465978622436523}},
    'landed_state': 1,
    'rc_data': <RCData> {   'is_initialized': False,
    'is_valid': False,
    'left_z': 0.0,
    'pitch': 0.0,
    'right_z': 0.0,
    'roll': 0.0,
    'switches': 0,
    'throttle': 0.0,
    'timestamp': 0,
    'vendor_id': '',
    'yaw': 0.0},
    'timestamp': 1665306424916662784}
2022-10-09 12:07:04,974 - mainLogger - INFO - Collision:
<CollisionInfo> {   'has_collided': False,
    'impact_point': <Vector3r> {   'x_val': -0.22481729090213776,
    'y_val': 0.31564638018608093,
    'z_val': 0.3930765390396118},
    'normal': <Vector3r> {   'x_val': -2.092225592775776e-08,
    'y_val': -2.0812269241332615e-08,
    'z_val': -1.0},
    'object_id': -1,
    'object_name': 'Landscape_0',
    'penetration_depth': 0.0,
    'position': <Vector3r> {   'x_val': 0.0,
    'y_val': 0.0,
    'z_val': 0.19658708572387695},
    'time_stamp': 1665306411158369280}
2022-10-09 12:07:05,985 - mainLogger - INFO - State:
<MultirotorState> {   'collision': <CollisionInfo> {   'has_collided': False,
    'impact_point': <Vector3r> {   'x_val': 0.0,
    'y_val': 0.0,
    'z_val': 0.0},
    'normal': <Vector3r> {   'x_val': 0.0,
    'y_val': 0.0,
    'z_val': 0.0},
    'object_id': -1,
    'object_name': '',
    'penetration_depth': 0.0,
    'position': <Vector3r> {   'x_val': 0.0,
    'y_val': 0.0,
    'z_val': 0.0},
    'time_stamp': 0},
    'gps_location': <GeoPoint> {   'altitude': 126.84913635253906,
    'latitude': 47.64156349008662,
    'longitude': -122.1401256549129},
    'kinematics_estimated': <KinematicsState> {   'angular_acceleration': <Vector3r> {   'x_val': 7.537716737715527e-05,
    'y_val': 0.0007227557944133878,
    'z_val': 4.4367775444698054e-06},
    'angular_velocity': <Vector3r> {   'x_val': 7.634014764335006e-06,
    'y_val': -0.002241161884739995,
    'z_val': -1.0945019539576606e-06},
    'linear_acceleration': <Vector3r> {   'x_val': -0.008437654003500938,
    'y_val': -5.424532719189301e-05,
    'z_val': 0.3686666488647461},
    'linear_velocity': <Vector3r> {   'x_val': -0.00639170128852129,
    'y_val': -3.6223318602424115e-05,
    'z_val': -0.10413411259651184},
    'orientation': <Quaternionr> {   'w_val': 0.9999999403953552,
    'x_val': -2.8823537832067814e-06,
    'y_val': 0.0004436414164956659,
    'z_val': -4.4095024350099266e-05},
    'position': <Vector3r> {   'x_val': 10.608107566833496,
    'y_val': 2.959805488586426,
    'z_val': -4.839741230010986}},
    'landed_state': 1,
    'rc_data': <RCData> {   'is_initialized': False,
    'is_valid': False,
    'left_z': 0.0,
    'pitch': 0.0,
    'right_z': 0.0,
    'roll': 0.0,
    'switches': 0,
    'throttle': 0.0,
    'timestamp': 0,
    'vendor_id': '',
    'yaw': 0.0},
    'timestamp': 1665306425924684288}
2022-10-09 12:07:05,986 - mainLogger - INFO - Collision:
<CollisionInfo> {   'has_collided': False,
    'impact_point': <Vector3r> {   'x_val': -0.22481729090213776,
    'y_val': 0.31564638018608093,
    'z_val': 0.3930765390396118},
    'normal': <Vector3r> {   'x_val': -2.092225592775776e-08,
    'y_val': -2.0812269241332615e-08,
    'z_val': -1.0},
    'object_id': -1,
    'object_name': 'Landscape_0',
    'penetration_depth': 0.0,
    'position': <Vector3r> {   'x_val': 0.0,
    'y_val': 0.0,
    'z_val': 0.19658708572387695},
    'time_stamp': 1665306411158369280}
2022-10-09 12:07:07,004 - mainLogger - INFO - State:
<MultirotorState> {   'collision': <CollisionInfo> {   'has_collided': False,
    'impact_point': <Vector3r> {   'x_val': 0.0,
    'y_val': 0.0,
    'z_val': 0.0},
    'normal': <Vector3r> {   'x_val': 0.0,
    'y_val': 0.0,
    'z_val': 0.0},
    'object_id': -1,
    'object_name': '',
    'penetration_depth': 0.0,
    'position': <Vector3r> {   'x_val': 0.0,
    'y_val': 0.0,
    'z_val': 0.0},
    'time_stamp': 0},
    'gps_location': <GeoPoint> {   'altitude': 126.86100769042969,
    'latitude': 47.641563421339214,
    'longitude': -122.14012565574114},
    'kinematics_estimated': <KinematicsState> {   'angular_acceleration': <Vector3r> {   'x_val': -3.990677578258328e-05,
    'y_val': 0.001716081751510501,
    'z_val': -2.6746688197576418e-11},
    'angular_velocity': <Vector3r> {   'x_val': -5.342311055755999e-07,
    'y_val': -0.0006075773853808641,
    'z_val': -7.545706282030551e-09},
    'linear_acceleration': <Vector3r> {   'x_val': 0.006455048453062773,
    'y_val': 5.620623778668232e-05,
    'z_val': 0.012555122375488281},
    'linear_velocity': <Vector3r> {   'x_val': -0.006093795411288738,
    'y_val': -3.092175393248908e-05,
    'z_val': 0.025624379515647888},
    'orientation': <Quaternionr> {   'w_val': 1.0,
    'x_val': 2.8832150746893603e-06,
    'y_val': -0.00033045283635146916,
    'z_val': -4.422475103638135e-05},
    'position': <Vector3r> {   'x_val': 10.600464820861816,
    'y_val': 2.9597432613372803,
    'z_val': -4.85121488571167}},
    'landed_state': 1,
    'rc_data': <RCData> {   'is_initialized': False,
    'is_valid': False,
    'left_z': 0.0,
    'pitch': 0.0,
    'right_z': 0.0,
    'roll': 0.0,
    'switches': 0,
    'throttle': 0.0,
    'timestamp': 0,
    'vendor_id': '',
    'yaw': 0.0},
    'timestamp': 1665306426938705920}
2022-10-09 12:07:07,004 - mainLogger - INFO - Collision:
<CollisionInfo> {   'has_collided': False,
    'impact_point': <Vector3r> {   'x_val': -0.22481729090213776,
    'y_val': 0.31564638018608093,
    'z_val': 0.3930765390396118},
    'normal': <Vector3r> {   'x_val': -2.092225592775776e-08,
    'y_val': -2.0812269241332615e-08,
    'z_val': -1.0},
    'object_id': -1,
    'object_name': 'Landscape_0',
    'penetration_depth': 0.0,
    'position': <Vector3r> {   'x_val': 0.0,
    'y_val': 0.0,
    'z_val': 0.19658708572387695},
    'time_stamp': 1665306411158369280}
